#-----------------------------------------------------------
# Vivado v2019.2 (64-bit)
# SW Build 2708876 on Wed Nov  6 21:40:23 MST 2019
# IP Build 2700528 on Thu Nov  7 00:09:20 MST 2019
# Start of session at: Mon Aug 17 17:00:19 2020
# Process ID: 15792
# Current directory: C:/Users/sarcasmisthere/Desktop/uec2project/repo/PROJEKT1.0/bomberman_uec2/MicroblazeProject
# Command line: vivado.exe -gui_launcher_event rodinguilauncherevent7604 C:\Users\sarcasmisthere\Desktop\uec2project\repo\PROJEKT1.0\bomberman_uec2\MicroblazeProject\MicroblazeProject.xpr
# Log file: C:/Users/sarcasmisthere/Desktop/uec2project/repo/PROJEKT1.0/bomberman_uec2/MicroblazeProject/vivado.log
# Journal file: C:/Users/sarcasmisthere/Desktop/uec2project/repo/PROJEKT1.0/bomberman_uec2/MicroblazeProject\vivado.jou
#-----------------------------------------------------------
start_gui
open_project C:/Users/sarcasmisthere/Desktop/uec2project/repo/PROJEKT1.0/bomberman_uec2/MicroblazeProject/MicroblazeProject.xpr
INFO: [ProjectBase 1-489] The host OS only allows 260 characters in a normal path. The project is stored in a path with more than 80 characters. If you experience issues with IP, Block Designs, or files not being found, please consider moving the project to a location with a shorter path. Alternately consider using the OS subst command to map part of the path to a drive letter.
Current project path is 'C:/Users/sarcasmisthere/Desktop/uec2project/repo/PROJEKT1.0/bomberman_uec2/MicroblazeProject'
INFO: [Project 1-313] Project file moved from 'C:/Users/sarcasmisthere/Desktop/uec2project/repo/PROJEKT 1.0/bomberman_uec2/MicroblazeProject' since last save.
Scanning sources...
Finished scanning sources
INFO: [IP_Flow 19-234] Refreshing IP repositories
INFO: [IP_Flow 19-1700] Loaded user IP repository 'c:/Users/sarcasmisthere/Desktop/uec2project/repo/PROJEKT1.0/bomberman_uec2/ip_repo/GPU_BRAM'.
INFO: [IP_Flow 19-1700] Loaded user IP repository 'c:/Users/sarcasmisthere/Desktop/uec2project/repo/PROJEKT1.0/bomberman_uec2/ip_repo/PADS_SOUND_1.0'.
INFO: [IP_Flow 19-1700] Loaded user IP repository 'c:/Users/sarcasmisthere/Desktop/uec2project/repo/PROJEKT1.0/bomberman_uec2/ip_repo/GPU_DC_1.0'.
INFO: [IP_Flow 19-2313] Loaded Vivado IP repository 'C:/Xilinx/Vitis/Vivado/2019.2/data/ip'.
open_project: Time (s): cpu = 00:00:29 ; elapsed = 00:00:16 . Memory (MB): peak = 879.027 ; gain = 235.840
INFO: [Vivado 12-8231] Launching Vitis
INFO: [Vivado 12-417] Running vitis
INFO: [Vivado 12-8232] Vitis launch initiated. Please check console for any further messages.
open_bd_design {C:/Users/sarcasmisthere/Desktop/uec2project/repo/PROJEKT1.0/bomberman_uec2/MicroblazeProject/MicroblazeProject.srcs/sources_1/bd/design_1/design_1.bd}
Adding component instance block -- xilinx.com:ip:microblaze:11.0 - microblaze_0
Adding component instance block -- xilinx.com:ip:lmb_v10:3.0 - dlmb_v10
Adding component instance block -- xilinx.com:ip:lmb_v10:3.0 - ilmb_v10
Adding component instance block -- xilinx.com:ip:lmb_bram_if_cntlr:4.0 - dlmb_bram_if_cntlr
Adding component instance block -- xilinx.com:ip:lmb_bram_if_cntlr:4.0 - ilmb_bram_if_cntlr
Adding component instance block -- xilinx.com:ip:blk_mem_gen:8.4 - lmb_bram
Adding component instance block -- xilinx.com:ip:axi_interconnect:2.1 - microblaze_0_axi_periph
Adding component instance block -- xilinx.com:ip:axi_crossbar:2.1 - xbar
Adding component instance block -- xilinx.com:ip:axi_protocol_converter:2.1 - auto_pc
Adding component instance block -- xilinx.com:user:PADS_SOUND:1.0 - PADS_SOUND_0
Adding component instance block -- xilinx.com:ip:mdm:3.2 - mdm_0
Adding component instance block -- xilinx.com:ip:axi_bram_ctrl:4.1 - axi_bram_ctrl_0
Adding component instance block -- xilinx.com:ip:blk_mem_gen:8.4 - blk_mem_gen_0
Adding component instance block -- xilinx.com:user:BRAM_GPU:1.1 - BRAM_GPU_0
Adding component instance block -- xilinx.com:ip:xlconstant:1.1 - xlconstant_0
Adding component instance block -- xilinx.com:ip:axi_uartlite:2.0 - axi_uartlite_0
Adding component instance block -- xilinx.com:ip:clk_wiz:6.0 - clk_wiz_0
Adding component instance block -- xilinx.com:ip:proc_sys_reset:5.0 - rst_clk_100M
WARNING: [BD 41-1731] Type mismatch between connected pins: /clk_wiz_0/clk_gpu(clk) and /BRAM_GPU_0/vga_clk(undef)
Successfully read diagram <design_1> from BD file <C:/Users/sarcasmisthere/Desktop/uec2project/repo/PROJEKT1.0/bomberman_uec2/MicroblazeProject/MicroblazeProject.srcs/sources_1/bd/design_1/design_1.bd>
open_bd_design: Time (s): cpu = 00:00:13 ; elapsed = 00:00:11 . Memory (MB): peak = 987.957 ; gain = 22.527
exit
INFO: [Common 17-206] Exiting Vivado at Mon Aug 17 17:53:49 2020...
