#-----------------------------------------------------------
# Vivado v2019.2 (64-bit)
# SW Build 2708876 on Wed Nov  6 21:40:23 MST 2019
# IP Build 2700528 on Thu Nov  7 00:09:20 MST 2019
# Start of session at: Mon Aug 17 16:51:10 2020
# Process ID: 13420
# Current directory: C:/Users/sarcasmisthere/Desktop/uec2project/repo/PROJEKT 1.0/bomberman_uec2/MicroblazeProject
# Command line: vivado.exe -gui_launcher_event rodinguilauncherevent14436 C:\Users\sarcasmisthere\Desktop\uec2project\repo\PROJEKT 1.0\bomberman_uec2\MicroblazeProject\MicroblazeProject.xpr
# Log file: C:/Users/sarcasmisthere/Desktop/uec2project/repo/PROJEKT 1.0/bomberman_uec2/MicroblazeProject/vivado.log
# Journal file: C:/Users/sarcasmisthere/Desktop/uec2project/repo/PROJEKT 1.0/bomberman_uec2/MicroblazeProject\vivado.jou
#-----------------------------------------------------------
start_gui
open_project {C:/Users/sarcasmisthere/Desktop/uec2project/repo/PROJEKT 1.0/bomberman_uec2/MicroblazeProject/MicroblazeProject.xpr}
INFO: [ProjectBase 1-489] The host OS only allows 260 characters in a normal path. The project is stored in a path with more than 80 characters. If you experience issues with IP, Block Designs, or files not being found, please consider moving the project to a location with a shorter path. Alternately consider using the OS subst command to map part of the path to a drive letter.
Current project path is 'C:/Users/sarcasmisthere/Desktop/uec2project/repo/PROJEKT 1.0/bomberman_uec2/MicroblazeProject'
Scanning sources...
Finished scanning sources
INFO: [IP_Flow 19-234] Refreshing IP repositories
INFO: [IP_Flow 19-1700] Loaded user IP repository 'c:/Users/sarcasmisthere/Desktop/uec2project/repo/PROJEKT 1.0/bomberman_uec2/ip_repo/GPU_BRAM'.
INFO: [IP_Flow 19-1700] Loaded user IP repository 'c:/Users/sarcasmisthere/Desktop/uec2project/repo/PROJEKT 1.0/bomberman_uec2/ip_repo/PADS_SOUND_1.0'.
INFO: [IP_Flow 19-1700] Loaded user IP repository 'c:/Users/sarcasmisthere/Desktop/uec2project/repo/PROJEKT 1.0/bomberman_uec2/ip_repo/GPU_DC_1.0'.
INFO: [IP_Flow 19-2313] Loaded Vivado IP repository 'C:/Xilinx/Vitis/Vivado/2019.2/data/ip'.
open_project: Time (s): cpu = 00:00:29 ; elapsed = 00:00:16 . Memory (MB): peak = 856.094 ; gain = 204.879
INFO: [Vivado 12-8231] Launching Vitis
INFO: [Vivado 12-417] Running vitis
INFO: [Vivado 12-8232] Vitis launch initiated. Please check console for any further messages.
INFO: [Vivado 12-8231] Launching Vitis
INFO: [Vivado 12-417] Running vitis
INFO: [Vivado 12-8232] Vitis launch initiated. Please check console for any further messages.
exit
INFO: [Common 17-206] Exiting Vivado at Mon Aug 17 16:59:26 2020...
