Copyright 1986-2019 Xilinx, Inc. All Rights Reserved.
------------------------------------------------------------------------------------------------------
| Tool Version : Vivado v.2019.2 (win64) Build 2708876 Wed Nov  6 21:40:23 MST 2019
| Date         : Thu Jul 16 15:02:21 2020
| Host         : Marysia running 64-bit major release  (build 9200)
| Command      : report_drc -file Main_drc_routed.rpt -pb Main_drc_routed.pb -rpx Main_drc_routed.rpx
| Design       : Main
| Device       : xc7a35tcpg236-1
| Speed File   : -1
| Design State : Fully Routed
------------------------------------------------------------------------------------------------------

Report DRC

Table of Contents
-----------------
1. REPORT SUMMARY
2. REPORT DETAILS

1. REPORT SUMMARY
-----------------
            Netlist: netlist
          Floorplan: design_1
      Design limits: <entire design considered>
           Ruledeck: default
             Max violations: <unlimited>
             Violations found: 19
+--------+----------+------------------------+------------+
| Rule   | Severity | Description            | Violations |
+--------+----------+------------------------+------------+
| DPIP-1 | Warning  | Input pipelining       | 9          |
| DPOP-1 | Warning  | PREG Output pipelining | 4          |
| DPOP-2 | Warning  | MREG Output pipelining | 6          |
+--------+----------+------------------------+------------+

2. REPORT DETAILS
-----------------
DPIP-1#1 Warning
Input pipelining  
DSP system/v_tpg_0/inst/tpgBackground_U0/grp_tpgPatternRainbow_fu_439/add_ln1237_1_reg_665_reg input system/v_tpg_0/inst/tpgBackground_U0/grp_tpgPatternRainbow_fu_439/add_ln1237_1_reg_665_reg/A[29:0] is not pipelined. Pipelining DSP48 input will improve performance.
Related violations: <none>

DPIP-1#2 Warning
Input pipelining  
DSP system/v_tpg_0/inst/tpgBackground_U0/grp_tpgPatternRainbow_fu_439/add_ln1237_1_reg_665_reg input system/v_tpg_0/inst/tpgBackground_U0/grp_tpgPatternRainbow_fu_439/add_ln1237_1_reg_665_reg/C[47:0] is not pipelined. Pipelining DSP48 input will improve performance.
Related violations: <none>

DPIP-1#3 Warning
Input pipelining  
DSP system/v_tpg_0/inst/tpgBackground_U0/grp_tpgPatternRainbow_fu_439/add_ln1238_1_reg_670_reg input system/v_tpg_0/inst/tpgBackground_U0/grp_tpgPatternRainbow_fu_439/add_ln1238_1_reg_670_reg/A[29:0] is not pipelined. Pipelining DSP48 input will improve performance.
Related violations: <none>

DPIP-1#4 Warning
Input pipelining  
DSP system/v_tpg_0/inst/tpgBackground_U0/grp_tpgPatternRainbow_fu_439/v_tpg_mac_muladd_Aem_U43/video_subsystem_v_tpg_0_0_v_tpg_mac_muladd_Aem_DSP48_4_U/p input system/v_tpg_0/inst/tpgBackground_U0/grp_tpgPatternRainbow_fu_439/v_tpg_mac_muladd_Aem_U43/video_subsystem_v_tpg_0_0_v_tpg_mac_muladd_Aem_DSP48_4_U/p/A[29:0] is not pipelined. Pipelining DSP48 input will improve performance.
Related violations: <none>

DPIP-1#5 Warning
Input pipelining  
DSP system/v_tpg_0/inst/tpgBackground_U0/grp_tpgPatternRainbow_fu_439/v_tpg_mac_muladd_Aem_U43/video_subsystem_v_tpg_0_0_v_tpg_mac_muladd_Aem_DSP48_4_U/p input system/v_tpg_0/inst/tpgBackground_U0/grp_tpgPatternRainbow_fu_439/v_tpg_mac_muladd_Aem_U43/video_subsystem_v_tpg_0_0_v_tpg_mac_muladd_Aem_DSP48_4_U/p/C[47:0] is not pipelined. Pipelining DSP48 input will improve performance.
Related violations: <none>

DPIP-1#6 Warning
Input pipelining  
DSP system/v_tpg_0/inst/tpgBackground_U0/grp_tpgPatternRainbow_fu_439/v_tpg_mac_muladd_Bew_U44/video_subsystem_v_tpg_0_0_v_tpg_mac_muladd_Bew_DSP48_5_U/p input system/v_tpg_0/inst/tpgBackground_U0/grp_tpgPatternRainbow_fu_439/v_tpg_mac_muladd_Bew_U44/video_subsystem_v_tpg_0_0_v_tpg_mac_muladd_Bew_DSP48_5_U/p/C[47:0] is not pipelined. Pipelining DSP48 input will improve performance.
Related violations: <none>

DPIP-1#7 Warning
Input pipelining  
DSP system/v_tpg_0/inst/tpgBackground_U0/grp_tpgPatternRainbow_fu_439/v_tpg_mac_muladd_wdI_U38/video_subsystem_v_tpg_0_0_v_tpg_mac_muladd_wdI_DSP48_0_U/p input system/v_tpg_0/inst/tpgBackground_U0/grp_tpgPatternRainbow_fu_439/v_tpg_mac_muladd_wdI_U38/video_subsystem_v_tpg_0_0_v_tpg_mac_muladd_wdI_DSP48_0_U/p/A[29:0] is not pipelined. Pipelining DSP48 input will improve performance.
Related violations: <none>

DPIP-1#8 Warning
Input pipelining  
DSP system/v_tpg_0/inst/tpgBackground_U0/grp_tpgPatternRainbow_fu_439/v_tpg_mac_muladd_yd2_U40/video_subsystem_v_tpg_0_0_v_tpg_mac_muladd_yd2_DSP48_2_U/p input system/v_tpg_0/inst/tpgBackground_U0/grp_tpgPatternRainbow_fu_439/v_tpg_mac_muladd_yd2_U40/video_subsystem_v_tpg_0_0_v_tpg_mac_muladd_yd2_DSP48_2_U/p/A[29:0] is not pipelined. Pipelining DSP48 input will improve performance.
Related violations: <none>

DPIP-1#9 Warning
Input pipelining  
DSP system/v_tpg_0/inst/tpgBackground_U0/grp_tpgPatternRainbow_fu_439/v_tpg_mac_muladd_zec_U42/video_subsystem_v_tpg_0_0_v_tpg_mac_muladd_zec_DSP48_3_U/p input system/v_tpg_0/inst/tpgBackground_U0/grp_tpgPatternRainbow_fu_439/v_tpg_mac_muladd_zec_U42/video_subsystem_v_tpg_0_0_v_tpg_mac_muladd_zec_DSP48_3_U/p/A[29:0] is not pipelined. Pipelining DSP48 input will improve performance.
Related violations: <none>

DPOP-1#1 Warning
PREG Output pipelining  
DSP system/v_tpg_0/inst/tpgBackground_U0/grp_tpgPatternRainbow_fu_439/v_tpg_mac_muladd_Aem_U43/video_subsystem_v_tpg_0_0_v_tpg_mac_muladd_Aem_DSP48_4_U/p output system/v_tpg_0/inst/tpgBackground_U0/grp_tpgPatternRainbow_fu_439/v_tpg_mac_muladd_Aem_U43/video_subsystem_v_tpg_0_0_v_tpg_mac_muladd_Aem_DSP48_4_U/p/P[47:0] is not pipelined (PREG=0). Pipelining the DSP48 output will improve performance and often saves power so it is suggested whenever possible to fully pipeline this function.  If this DSP48 function was inferred, it is suggested to describe an additional register stage after this function.  If the DSP48 was instantiated in the design, it is suggested to set the PREG attribute to 1.
Related violations: <none>

DPOP-1#2 Warning
PREG Output pipelining  
DSP system/v_tpg_0/inst/tpgBackground_U0/grp_tpgPatternRainbow_fu_439/v_tpg_mac_muladd_Bew_U44/video_subsystem_v_tpg_0_0_v_tpg_mac_muladd_Bew_DSP48_5_U/p output system/v_tpg_0/inst/tpgBackground_U0/grp_tpgPatternRainbow_fu_439/v_tpg_mac_muladd_Bew_U44/video_subsystem_v_tpg_0_0_v_tpg_mac_muladd_Bew_DSP48_5_U/p/P[47:0] is not pipelined (PREG=0). Pipelining the DSP48 output will improve performance and often saves power so it is suggested whenever possible to fully pipeline this function.  If this DSP48 function was inferred, it is suggested to describe an additional register stage after this function.  If the DSP48 was instantiated in the design, it is suggested to set the PREG attribute to 1.
Related violations: <none>

DPOP-1#3 Warning
PREG Output pipelining  
DSP system/v_tpg_0/inst/tpgBackground_U0/grp_tpgPatternRainbow_fu_439/v_tpg_mac_muladd_wdI_U38/video_subsystem_v_tpg_0_0_v_tpg_mac_muladd_wdI_DSP48_0_U/p output system/v_tpg_0/inst/tpgBackground_U0/grp_tpgPatternRainbow_fu_439/v_tpg_mac_muladd_wdI_U38/video_subsystem_v_tpg_0_0_v_tpg_mac_muladd_wdI_DSP48_0_U/p/P[47:0] is not pipelined (PREG=0). Pipelining the DSP48 output will improve performance and often saves power so it is suggested whenever possible to fully pipeline this function.  If this DSP48 function was inferred, it is suggested to describe an additional register stage after this function.  If the DSP48 was instantiated in the design, it is suggested to set the PREG attribute to 1.
Related violations: <none>

DPOP-1#4 Warning
PREG Output pipelining  
DSP system/v_tpg_0/inst/tpgBackground_U0/grp_tpgPatternRainbow_fu_439/v_tpg_mac_muladd_zec_U42/video_subsystem_v_tpg_0_0_v_tpg_mac_muladd_zec_DSP48_3_U/p output system/v_tpg_0/inst/tpgBackground_U0/grp_tpgPatternRainbow_fu_439/v_tpg_mac_muladd_zec_U42/video_subsystem_v_tpg_0_0_v_tpg_mac_muladd_zec_DSP48_3_U/p/P[47:0] is not pipelined (PREG=0). Pipelining the DSP48 output will improve performance and often saves power so it is suggested whenever possible to fully pipeline this function.  If this DSP48 function was inferred, it is suggested to describe an additional register stage after this function.  If the DSP48 was instantiated in the design, it is suggested to set the PREG attribute to 1.
Related violations: <none>

DPOP-2#1 Warning
MREG Output pipelining  
DSP system/v_tpg_0/inst/tpgBackground_U0/grp_tpgPatternRainbow_fu_439/add_ln1237_1_reg_665_reg multiplier stage system/v_tpg_0/inst/tpgBackground_U0/grp_tpgPatternRainbow_fu_439/add_ln1237_1_reg_665_reg/P[47:0] is not pipelined (MREG=0). Pipelining the multiplier function will improve performance and will save significant power so it is suggested whenever possible to fully pipeline this function.  If this multiplier was inferred, it is suggested to describe an additional register stage after this function.  If there is no registered adder/accumulator following the multiply function, two pipeline stages are suggested to allow both the MREG and PREG registers to be used.  If the DSP48 was instantiated in the design, it is suggested to set both the MREG and PREG attributes to 1 when performing multiply functions.
Related violations: <none>

DPOP-2#2 Warning
MREG Output pipelining  
DSP system/v_tpg_0/inst/tpgBackground_U0/grp_tpgPatternRainbow_fu_439/add_ln1238_1_reg_670_reg multiplier stage system/v_tpg_0/inst/tpgBackground_U0/grp_tpgPatternRainbow_fu_439/add_ln1238_1_reg_670_reg/P[47:0] is not pipelined (MREG=0). Pipelining the multiplier function will improve performance and will save significant power so it is suggested whenever possible to fully pipeline this function.  If this multiplier was inferred, it is suggested to describe an additional register stage after this function.  If there is no registered adder/accumulator following the multiply function, two pipeline stages are suggested to allow both the MREG and PREG registers to be used.  If the DSP48 was instantiated in the design, it is suggested to set both the MREG and PREG attributes to 1 when performing multiply functions.
Related violations: <none>

DPOP-2#3 Warning
MREG Output pipelining  
DSP system/v_tpg_0/inst/tpgBackground_U0/grp_tpgPatternRainbow_fu_439/v_tpg_mac_muladd_Aem_U43/video_subsystem_v_tpg_0_0_v_tpg_mac_muladd_Aem_DSP48_4_U/p multiplier stage system/v_tpg_0/inst/tpgBackground_U0/grp_tpgPatternRainbow_fu_439/v_tpg_mac_muladd_Aem_U43/video_subsystem_v_tpg_0_0_v_tpg_mac_muladd_Aem_DSP48_4_U/p/P[47:0] is not pipelined (MREG=0). Pipelining the multiplier function will improve performance and will save significant power so it is suggested whenever possible to fully pipeline this function.  If this multiplier was inferred, it is suggested to describe an additional register stage after this function.  If there is no registered adder/accumulator following the multiply function, two pipeline stages are suggested to allow both the MREG and PREG registers to be used.  If the DSP48 was instantiated in the design, it is suggested to set both the MREG and PREG attributes to 1 when performing multiply functions.
Related violations: <none>

DPOP-2#4 Warning
MREG Output pipelining  
DSP system/v_tpg_0/inst/tpgBackground_U0/grp_tpgPatternRainbow_fu_439/v_tpg_mac_muladd_Bew_U44/video_subsystem_v_tpg_0_0_v_tpg_mac_muladd_Bew_DSP48_5_U/p multiplier stage system/v_tpg_0/inst/tpgBackground_U0/grp_tpgPatternRainbow_fu_439/v_tpg_mac_muladd_Bew_U44/video_subsystem_v_tpg_0_0_v_tpg_mac_muladd_Bew_DSP48_5_U/p/P[47:0] is not pipelined (MREG=0). Pipelining the multiplier function will improve performance and will save significant power so it is suggested whenever possible to fully pipeline this function.  If this multiplier was inferred, it is suggested to describe an additional register stage after this function.  If there is no registered adder/accumulator following the multiply function, two pipeline stages are suggested to allow both the MREG and PREG registers to be used.  If the DSP48 was instantiated in the design, it is suggested to set both the MREG and PREG attributes to 1 when performing multiply functions.
Related violations: <none>

DPOP-2#5 Warning
MREG Output pipelining  
DSP system/v_tpg_0/inst/tpgBackground_U0/grp_tpgPatternRainbow_fu_439/v_tpg_mac_muladd_wdI_U38/video_subsystem_v_tpg_0_0_v_tpg_mac_muladd_wdI_DSP48_0_U/p multiplier stage system/v_tpg_0/inst/tpgBackground_U0/grp_tpgPatternRainbow_fu_439/v_tpg_mac_muladd_wdI_U38/video_subsystem_v_tpg_0_0_v_tpg_mac_muladd_wdI_DSP48_0_U/p/P[47:0] is not pipelined (MREG=0). Pipelining the multiplier function will improve performance and will save significant power so it is suggested whenever possible to fully pipeline this function.  If this multiplier was inferred, it is suggested to describe an additional register stage after this function.  If there is no registered adder/accumulator following the multiply function, two pipeline stages are suggested to allow both the MREG and PREG registers to be used.  If the DSP48 was instantiated in the design, it is suggested to set both the MREG and PREG attributes to 1 when performing multiply functions.
Related violations: <none>

DPOP-2#6 Warning
MREG Output pipelining  
DSP system/v_tpg_0/inst/tpgBackground_U0/grp_tpgPatternRainbow_fu_439/v_tpg_mac_muladd_zec_U42/video_subsystem_v_tpg_0_0_v_tpg_mac_muladd_zec_DSP48_3_U/p multiplier stage system/v_tpg_0/inst/tpgBackground_U0/grp_tpgPatternRainbow_fu_439/v_tpg_mac_muladd_zec_U42/video_subsystem_v_tpg_0_0_v_tpg_mac_muladd_zec_DSP48_3_U/p/P[47:0] is not pipelined (MREG=0). Pipelining the multiplier function will improve performance and will save significant power so it is suggested whenever possible to fully pipeline this function.  If this multiplier was inferred, it is suggested to describe an additional register stage after this function.  If there is no registered adder/accumulator following the multiply function, two pipeline stages are suggested to allow both the MREG and PREG registers to be used.  If the DSP48 was instantiated in the design, it is suggested to set both the MREG and PREG attributes to 1 when performing multiply functions.
Related violations: <none>


