17:39:02 **** Incremental Build of configuration Debug for project Bomberman ****
make all 
'Building file: ../src/main.c'
'Invoking: MicroBlaze gcc compiler'
mb-gcc -Wall -O0 -g3 -c -fmessage-length=0 -MT"src/main.o" -IC:/Users/sarcasmisthere/Desktop/uec2project/repo/PROJEKT1.0/bomberman_uec2/MicroblazeProject/MicroblazeProject.vitis/QUARTZ/export/QUARTZ/sw/QUARTZ/standalone_domain/bspinclude/include -mno-xl-reorder -mlittle-endian -mno-xl-soft-div -mcpu=v11.0 -mno-xl-soft-mul -mhard-float -Wl,--no-relax -ffunction-sections -fdata-sections -MMD -MP -MF"src/main.d" -MT"src/main.o" -o "src/main.o" "../src/main.c"
../src/main.c: In function 'main':
../src/main.c:28:10: warning: unused variable 'cColon' [-Wunused-variable]
     char cColon = GpuAsciiToChar(':');
          ^~~~~~
'Finished building: ../src/main.c'
' '
'Building file: ../src/map.c'
'Invoking: MicroBlaze gcc compiler'
mb-gcc -Wall -O0 -g3 -c -fmessage-length=0 -MT"src/map.o" -IC:/Users/sarcasmisthere/Desktop/uec2project/repo/PROJEKT1.0/bomberman_uec2/MicroblazeProject/MicroblazeProject.vitis/QUARTZ/export/QUARTZ/sw/QUARTZ/standalone_domain/bspinclude/include -mno-xl-reorder -mlittle-endian -mno-xl-soft-div -mcpu=v11.0 -mno-xl-soft-mul -mhard-float -Wl,--no-relax -ffunction-sections -fdata-sections -MMD -MP -MF"src/map.d" -MT"src/map.o" -o "src/map.o" "../src/map.c"
'Finished building: ../src/map.c'
' '
'Building target: Bomberman.elf'
'Invoking: MicroBlaze gcc linker'
mb-gcc -Wl,-T -Wl,../src/lscript.ld -LC:/Users/sarcasmisthere/Desktop/uec2project/repo/PROJEKT1.0/bomberman_uec2/MicroblazeProject/MicroblazeProject.vitis/QUARTZ/export/QUARTZ/sw/QUARTZ/standalone_domain/bsplib/lib -mlittle-endian -mno-xl-soft-div -mcpu=v11.0 -mno-xl-soft-mul -mhard-float -Wl,--no-relax -Wl,--gc-sections -o "Bomberman.elf"  ./src/clock.o ./src/main.o ./src/map.o   -Wl,--start-group,-lxil,-lgcc,-lc,--end-group
'Finished building target: Bomberman.elf'
' '
'Invoking: MicroBlaze Print Size'
mb-size Bomberman.elf  |tee "Bomberman.elf.size"
   text	   data	    bss	    dec	    hex	filename
   6612	    344	   3156	  10112	   2780	Bomberman.elf
'Finished building: Bomberman.elf.size'
' '

17:39:03 Build Finished (took 1s.649ms)

