#-----------------------------------------------------------
# Vivado v2019.2 (64-bit)
# SW Build 2708876 on Wed Nov  6 21:40:23 MST 2019
# IP Build 2700528 on Thu Nov  7 00:09:20 MST 2019
# Start of session at: Thu Sep 10 18:06:28 2020
# Process ID: 12724
# Current directory: C:/Users/sarcasmisthere/Desktop/uec2project/repo/PROJEKT3.0/bomberman_uec2/MicroblazeProject
# Command line: vivado.exe -gui_launcher_event rodinguilauncherevent6424 C:\Users\sarcasmisthere\Desktop\uec2project\repo\PROJEKT3.0\bomberman_uec2\MicroblazeProject\MicroblazeProject.xpr
# Log file: C:/Users/sarcasmisthere/Desktop/uec2project/repo/PROJEKT3.0/bomberman_uec2/MicroblazeProject/vivado.log
# Journal file: C:/Users/sarcasmisthere/Desktop/uec2project/repo/PROJEKT3.0/bomberman_uec2/MicroblazeProject\vivado.jou
#-----------------------------------------------------------
start_gui
open_project C:/Users/sarcasmisthere/Desktop/uec2project/repo/PROJEKT3.0/bomberman_uec2/MicroblazeProject/MicroblazeProject.xpr
INFO: [ProjectBase 1-489] The host OS only allows 260 characters in a normal path. The project is stored in a path with more than 80 characters. If you experience issues with IP, Block Designs, or files not being found, please consider moving the project to a location with a shorter path. Alternately consider using the OS subst command to map part of the path to a drive letter.
Current project path is 'C:/Users/sarcasmisthere/Desktop/uec2project/repo/PROJEKT3.0/bomberman_uec2/MicroblazeProject'
INFO: [Project 1-313] Project file moved from 'D:/bomberman_uec2/MicroblazeProject' since last save.
Scanning sources...
Finished scanning sources
CRITICAL WARNING: [Board 49-67] The board_part definition was not found for digilentinc.com:basys3:part0:1.1. This can happen sometimes when you use custom board part. You can resolve this issue by setting 'board.repoPaths' parameter, pointing to the location of custom board files. Valid board_part values can be retrieved with the 'get_board_parts' Tcl command.
INFO: [IP_Flow 19-234] Refreshing IP repositories
INFO: [IP_Flow 19-1700] Loaded user IP repository 'c:/Users/sarcasmisthere/Desktop/uec2project/repo/PROJEKT3.0/bomberman_uec2/ip_repo/AXI_Timers_1.0'.
INFO: [IP_Flow 19-1700] Loaded user IP repository 'c:/Users/sarcasmisthere/Desktop/uec2project/repo/PROJEKT3.0/bomberman_uec2/ip_repo/GPU_BRAM'.
INFO: [IP_Flow 19-1700] Loaded user IP repository 'c:/Users/sarcasmisthere/Desktop/uec2project/repo/PROJEKT3.0/bomberman_uec2/ip_repo/PADS_SOUND_1.0'.
INFO: [IP_Flow 19-2313] Loaded Vivado IP repository 'C:/Xilinx/Vitis/Vivado/2019.2/data/ip'.
WARNING: [BD 41-1661] One or more IPs have been locked in the design 'design_1.bd'. Please run report_ip_status for more details and recommendations on how to fix this issue.
List of locked IPs:
design_1_rst_clk_100M_0
design_1_clk_wiz_0_0
design_1_axi_uartlite_0_0

open_project: Time (s): cpu = 00:00:24 ; elapsed = 00:00:13 . Memory (MB): peak = 909.176 ; gain = 260.371
INFO: [Vivado 12-8231] Launching Vitis
INFO: [Vivado 12-417] Running vitis
INFO: [Vivado 12-8232] Vitis launch initiated. Please check console for any further messages.
INFO: [Vivado 12-8231] Launching Vitis
INFO: [Vivado 12-417] Running vitis
INFO: [Vivado 12-8232] Vitis launch initiated. Please check console for any further messages.
exit
INFO: [Common 17-206] Exiting Vivado at Thu Sep 10 19:40:54 2020...
