#-----------------------------------------------------------
# Vivado v2019.2 (64-bit)
# SW Build 2708876 on Wed Nov  6 21:40:23 MST 2019
# IP Build 2700528 on Thu Nov  7 00:09:20 MST 2019
# Start of session at: Sat Sep 19 22:07:16 2020
# Process ID: 2460
# Current directory: C:/Users/sarcasmisthere/Desktop/UEC2_PROJECT/repo/projekt/bomberman_uec2/MicroblazeProject
# Command line: vivado.exe -gui_launcher_event rodinguilauncherevent10104 C:\Users\sarcasmisthere\Desktop\UEC2_PROJECT\repo\projekt\bomberman_uec2\MicroblazeProject\MicroblazeProject.xpr
# Log file: C:/Users/sarcasmisthere/Desktop/UEC2_PROJECT/repo/projekt/bomberman_uec2/MicroblazeProject/vivado.log
# Journal file: C:/Users/sarcasmisthere/Desktop/UEC2_PROJECT/repo/projekt/bomberman_uec2/MicroblazeProject\vivado.jou
#-----------------------------------------------------------
start_gui
open_project C:/Users/sarcasmisthere/Desktop/UEC2_PROJECT/repo/projekt/bomberman_uec2/MicroblazeProject/MicroblazeProject.xpr
INFO: [ProjectBase 1-489] The host OS only allows 260 characters in a normal path. The project is stored in a path with more than 80 characters. If you experience issues with IP, Block Designs, or files not being found, please consider moving the project to a location with a shorter path. Alternately consider using the OS subst command to map part of the path to a drive letter.
Current project path is 'C:/Users/sarcasmisthere/Desktop/UEC2_PROJECT/repo/projekt/bomberman_uec2/MicroblazeProject'
INFO: [Project 1-313] Project file moved from 'D:/bomberman_uec2/MicroblazeProject' since last save.
Scanning sources...
Finished scanning sources
CRITICAL WARNING: [Board 49-67] The board_part definition was not found for digilentinc.com:basys3:part0:1.1. This can happen sometimes when you use custom board part. You can resolve this issue by setting 'board.repoPaths' parameter, pointing to the location of custom board files. Valid board_part values can be retrieved with the 'get_board_parts' Tcl command.
INFO: [IP_Flow 19-234] Refreshing IP repositories
INFO: [IP_Flow 19-1700] Loaded user IP repository 'c:/Users/sarcasmisthere/Desktop/UEC2_PROJECT/repo/projekt/bomberman_uec2/ip_repo/AXI_Timers_1.0'.
INFO: [IP_Flow 19-1700] Loaded user IP repository 'c:/Users/sarcasmisthere/Desktop/UEC2_PROJECT/repo/projekt/bomberman_uec2/ip_repo/GPU_BRAM'.
INFO: [IP_Flow 19-1700] Loaded user IP repository 'c:/Users/sarcasmisthere/Desktop/UEC2_PROJECT/repo/projekt/bomberman_uec2/ip_repo/PADS_SOUND_1.0'.
INFO: [IP_Flow 19-2313] Loaded Vivado IP repository 'C:/Xilinx/Vitis/Vivado/2019.2/data/ip'.
WARNING: [BD 41-1661] One or more IPs have been locked in the design 'design_1.bd'. Please run report_ip_status for more details and recommendations on how to fix this issue.
List of locked IPs:
design_1_rst_clk_100M_0
design_1_clk_wiz_0_0
design_1_axi_uartlite_0_0

open_project: Time (s): cpu = 00:00:45 ; elapsed = 00:00:28 . Memory (MB): peak = 871.738 ; gain = 223.590
WARNING: [IP_Flow 19-4318] IP-XACT file does not exist: c:/Users/sarcasmisthere/Desktop/UEC2_PROJECT/repo/projekt/bomberman_uec2/ip_repo/AXI_Timers_1.0/component.xml. It will be created.
WARNING: [IP_Flow 19-4318] IP-XACT file does not exist: c:/Users/sarcasmisthere/Desktop/UEC2_PROJECT/repo/projekt/bomberman_uec2/ip_repo/GPU_BRAM/component.xml. It will be created.
WARNING: [IP_Flow 19-4318] IP-XACT file does not exist: c:/Users/sarcasmisthere/Desktop/UEC2_PROJECT/repo/projekt/bomberman_uec2/ip_repo/PADS_SOUND_1.0/component.xml. It will be created.
exit
INFO: [Common 17-206] Exiting Vivado at Sat Sep 19 22:16:15 2020...
